SF:/Users/masayuki/Cursorvers_Platform/cursorvers_line_stripe_discord/supabase/functions/line-webhook/lib/constants.ts
FNF:0
FNH:0
BRF:0
BRH:0
DA:5,2
DA:8,2
DA:11,2
DA:14,2
DA:16,2
DA:22,2
LH:6
LF:6
end_of_record
SF:/Users/masayuki/Cursorvers_Platform/cursorvers_line_stripe_discord/supabase/functions/line-webhook/lib/diagnosis-flow.ts
FN:466,getFlowForKeyword
FN:473,getNextQuestion
FN:525,getConclusion
FN:561,getCurrentOptions
FN:569,isValidAnswer
FN:578,getTotalQuestions
FN:586,buildQuestionMessage
FN:622,buildConclusionMessage
FN:668,buildDiagnosisStartMessage
FNDA:38,getFlowForKeyword
FNDA:13,getNextQuestion
FNDA:4,getConclusion
FNDA:6,getCurrentOptions
FNDA:5,isValidAnswer
FNDA:8,getTotalQuestions
FNDA:2,buildQuestionMessage
FNDA:2,buildConclusionMessage
FNDA:3,buildDiagnosisStartMessage
FNF:9
FNH:9
BRDA:467,1,0,3
BRDA:477,2,0,0
BRDA:484,2,1,5
BRDA:486,2,2,8
BRDA:487,2,3,3
BRDA:491,2,4,0
BRDA:495,2,5,5
BRDA:496,2,6,4
BRDA:499,2,7,0
BRDA:504,2,8,0
BRDA:512,2,9,0
BRDA:513,2,10,1
BRDA:527,3,0,0
BRDA:533,3,1,1
BRDA:536,3,2,3
BRDA:540,3,3,0
BRDA:543,3,4,3
BRDA:548,3,5,3
BRDA:550,3,6,0
BRDA:563,4,0,0
BRDA:571,5,0,0
BRDA:580,6,0,7
BRDA:580,6,1,1
BRDA:600,8,0,1
BRDA:600,8,1,2
BRDA:627,9,0,0
BRDA:628,9,1,0
BRDA:651,10,0,2
BRDA:673,11,0,1
BRDA:675,11,1,2
BRDA:694,12,0,0
BRF:31
BRH:18
DA:5,1
DA:32,1
DA:33,1
DA:36,1
DA:37,1
DA:38,1
DA:39,1
DA:42,1
DA:43,1
DA:44,1
DA:45,1
DA:48,1
DA:50,1
DA:51,1
DA:52,1
DA:54,1
DA:55,2
DA:56,1
DA:58,1
DA:59,1
DA:60,1
DA:61,1
DA:64,1
DA:65,4
DA:66,4
DA:67,3
DA:68,1
DA:69,1
DA:75,1
DA:76,1
DA:79,1
DA:80,1
DA:81,1
DA:84,1
DA:87,1
DA:90,1
DA:91,1
DA:92,1
DA:99,1
DA:102,1
DA:104,1
DA:105,1
DA:107,1
DA:110,1
DA:112,1
DA:113,1
DA:116,1
DA:118,1
DA:120,1
DA:121,1
DA:126,1
DA:128,1
DA:129,1
DA:134,1
DA:136,1
DA:137,1
DA:142,1
DA:143,1
DA:146,1
DA:148,1
DA:149,1
DA:150,1
DA:151,1
DA:153,1
DA:154,1
DA:155,1
DA:156,1
DA:158,1
DA:159,1
DA:160,1
DA:161,1
DA:163,1
DA:164,1
DA:165,1
DA:166,1
DA:168,1
DA:169,1
DA:170,1
DA:172,1
DA:173,1
DA:179,1
DA:180,1
DA:182,1
DA:183,1
DA:184,1
DA:190,1
DA:192,1
DA:193,1
DA:194,1
DA:201,1
DA:203,1
DA:205,1
DA:206,1
DA:207,1
DA:209,1
DA:210,1
DA:211,1
DA:213,1
DA:214,2
DA:215,1
DA:217,1
DA:218,4
DA:219,1
DA:221,1
DA:222,1
DA:223,1
DA:224,1
DA:226,1
DA:227,4
DA:228,4
DA:229,4
DA:230,4
DA:231,3
DA:232,1
DA:233,1
DA:239,1
DA:240,1
DA:242,1
DA:243,1
DA:244,1
DA:247,1
DA:250,1
DA:252,1
DA:253,1
DA:254,1
DA:258,1
DA:260,1
DA:262,1
DA:264,1
DA:265,1
DA:266,1
DA:268,1
DA:269,1
DA:270,1
DA:272,1
DA:273,1
DA:274,1
DA:275,1
DA:276,1
DA:277,1
DA:278,1
DA:279,1
DA:281,1
DA:282,4
DA:283,4
DA:284,4
DA:285,4
DA:286,1
DA:287,1
DA:293,1
DA:294,1
DA:296,1
DA:297,1
DA:298,1
DA:304,1
DA:306,1
DA:307,1
DA:308,1
DA:314,1
DA:316,1
DA:318,1
DA:319,1
DA:320,1
DA:322,1
DA:323,1
DA:324,1
DA:326,1
DA:327,2
DA:328,1
DA:330,1
DA:331,1
DA:332,1
DA:333,1
DA:335,1
DA:336,4
DA:337,4
DA:338,4
DA:339,3
DA:340,1
DA:341,1
DA:347,1
DA:348,1
DA:350,1
DA:351,1
DA:352,1
DA:358,1
DA:360,1
DA:361,1
DA:362,1
DA:368,1
DA:370,1
DA:372,1
DA:373,1
DA:374,1
DA:376,1
DA:377,1
DA:378,1
DA:380,1
DA:381,1
DA:382,1
DA:384,1
DA:385,1
DA:386,1
DA:387,1
DA:389,1
DA:390,3
DA:391,3
DA:392,3
DA:393,2
DA:394,1
DA:395,1
DA:401,1
DA:402,1
DA:404,1
DA:405,1
DA:406,1
DA:412,1
DA:414,1
DA:415,1
DA:416,1
DA:422,1
DA:424,1
DA:426,1
DA:427,1
DA:428,1
DA:430,1
DA:431,1
DA:432,1
DA:434,1
DA:435,1
DA:436,1
DA:438,1
DA:439,1
DA:440,1
DA:441,1
DA:443,1
DA:444,4
DA:445,4
DA:446,4
DA:447,3
DA:448,1
DA:449,1
DA:456,1
DA:459,1
DA:464,1
DA:466,1
DA:467,39
DA:468,39
DA:473,1
DA:474,1
DA:476,14
DA:477,0
DA:478,0
DA:479,0
DA:480,0
DA:482,14
DA:484,14
DA:485,19
DA:486,19
DA:487,14
DA:489,17
DA:490,17
DA:491,17
DA:493,0
DA:494,0
DA:495,0
DA:496,14
DA:498,18
DA:499,0
DA:500,0
DA:501,0
DA:502,18
DA:503,18
DA:504,0
DA:505,0
DA:507,0
DA:508,0
DA:509,0
DA:510,0
DA:511,0
DA:512,0
DA:513,18
DA:515,15
DA:516,14
DA:525,1
DA:526,5
DA:527,0
DA:528,0
DA:529,0
DA:530,0
DA:533,5
DA:534,6
DA:535,6
DA:536,6
DA:539,8
DA:540,0
DA:541,0
DA:542,0
DA:543,0
DA:545,8
DA:548,5
DA:549,8
DA:550,8
DA:552,0
DA:554,0
DA:555,0
DA:556,5
DA:561,1
DA:562,7
DA:563,0
DA:564,7
DA:569,1
DA:570,6
DA:571,0
DA:572,6
DA:573,6
DA:578,1
DA:579,9
DA:580,9
DA:581,9
DA:586,1
DA:587,1
DA:588,1
DA:589,1
DA:591,3
DA:593,3
DA:594,3
DA:596,3
DA:597,6
DA:598,6
DA:599,6
DA:600,6
DA:601,6
DA:602,6
DA:603,3
DA:605,3
DA:606,3
DA:607,3
DA:608,3
DA:609,3
DA:610,3
DA:611,3
DA:612,3
DA:614,3
DA:616,12
DA:617,3
DA:622,1
DA:623,1
DA:624,1
DA:627,0
DA:628,0
DA:630,3
DA:631,3
DA:633,3
DA:635,3
DA:636,3
DA:639,3
DA:640,3
DA:641,3
DA:643,3
DA:644,3
DA:645,3
DA:646,3
DA:648,3
DA:649,6
DA:650,6
DA:651,6
DA:652,6
DA:653,8
DA:654,6
DA:656,3
DA:657,3
DA:658,3
DA:659,3
DA:660,3
DA:662,3
DA:663,3
DA:668,1
DA:672,4
DA:673,4
DA:675,4
DA:676,6
DA:678,6
DA:679,6
DA:680,6
DA:681,6
DA:683,6
DA:684,6
DA:685,6
DA:686,6
DA:688,6
DA:689,6
DA:690,6
DA:691,12
DA:692,12
DA:693,12
DA:694,0
DA:695,12
DA:696,12
DA:697,12
DA:699,6
DA:700,6
DA:701,6
DA:702,6
DA:703,6
DA:704,6
DA:705,6
DA:706,6
DA:708,6
DA:710,24
DA:711,6
LH:377
LF:411
end_of_record
SF:/Users/masayuki/Cursorvers_Platform/cursorvers_line_stripe_discord/supabase/functions/line-webhook/lib/note-recommendations.ts
FN:134,getRecommendationsForKeyword
FN:145,getFirstArticle
FN:154,getArticleById
FN:165,getArticlesByIds
FN:182,getArticlesByTag
FN:215,getAllArticles
FNDA:6,getRecommendationsForKeyword
FNDA:3,getFirstArticle
FNDA:10,getArticleById
FNDA:4,getArticlesByIds
FNDA:12,getArticlesByTag
FNDA:3,getAllArticles
FNF:6
FNH:6
BRDA:138,1,0,3
BRDA:147,3,0,1
BRDA:147,3,1,2
BRDA:147,3,2,1
BRDA:155,4,0,30
BRDA:157,4,1,6
BRDA:158,4,2,4
BRDA:167,6,0,8
BRDA:169,6,1,5
BRDA:183,7,0,11
BRDA:183,7,1,11
BRDA:183,7,2,1
BRDA:186,7,3,11
BRDA:188,7,4,1
BRDA:191,7,5,10
BRDA:195,7,6,60
BRDA:196,7,7,520
BRDA:198,7,8,35
BRDA:202,7,9,10
BRDA:218,10,0,18
BRF:20
BRH:20
DA:9,1
DA:10,1
DA:11,1
DA:14,6
DA:15,6
DA:16,6
DA:17,6
DA:18,6
DA:19,6
DA:20,6
DA:21,6
DA:22,6
DA:23,6
DA:24,6
DA:25,6
DA:27,1
DA:32,1
DA:33,1
DA:34,1
DA:36,6
DA:37,6
DA:38,6
DA:39,6
DA:40,6
DA:41,6
DA:42,6
DA:43,6
DA:44,6
DA:45,6
DA:46,6
DA:47,6
DA:49,1
DA:54,1
DA:55,1
DA:56,1
DA:58,6
DA:59,6
DA:60,6
DA:61,6
DA:62,6
DA:63,7
DA:64,7
DA:65,6
DA:66,7
DA:68,1
DA:73,1
DA:74,1
DA:75,1
DA:77,6
DA:78,6
DA:79,6
DA:80,6
DA:81,6
DA:82,6
DA:83,6
DA:84,6
DA:86,1
DA:91,1
DA:92,1
DA:93,1
DA:95,6
DA:96,6
DA:98,1
DA:101,1
DA:103,1
DA:104,1
DA:105,1
DA:107,6
DA:108,6
DA:109,6
DA:110,6
DA:111,6
DA:112,6
DA:113,6
DA:114,6
DA:115,6
DA:117,1
DA:122,1
DA:123,1
DA:124,1
DA:125,1
DA:126,1
DA:127,1
DA:128,1
DA:129,1
DA:134,1
DA:135,1
DA:137,7
DA:138,7
DA:140,7
DA:145,1
DA:146,4
DA:147,4
DA:148,5
DA:149,4
DA:154,1
DA:155,11
DA:156,41
DA:157,41
DA:158,41
DA:159,15
DA:160,11
DA:165,1
DA:166,5
DA:167,5
DA:168,13
DA:169,13
DA:170,18
DA:171,18
DA:172,13
DA:173,5
DA:174,5
DA:182,1
DA:183,13
DA:184,14
DA:185,14
DA:186,14
DA:188,13
DA:189,14
DA:190,14
DA:191,14
DA:193,23
DA:195,13
DA:196,73
DA:198,593
DA:199,628
DA:200,628
DA:201,593
DA:202,73
DA:205,23
DA:206,23
DA:209,23
DA:210,13
DA:215,1
DA:216,4
DA:218,4
DA:219,22
DA:220,22
DA:223,4
DA:224,4
DA:226,4
LH:141
LF:141
end_of_record
SF:/Users/masayuki/Cursorvers_Platform/cursorvers_line_stripe_discord/supabase/functions/line-webhook/lib/prompt-polisher.ts
FN:100,runPromptPolisher
FN:171,formatOutput
FNDA:8,runPromptPolisher
FNDA:4,formatOutput
FNF:2
FNH:2
BRDA:4,0,0,0
BRDA:103,1,0,0
BRDA:126,1,1,7
BRDA:128,1,2,2
BRDA:132,1,3,1
BRDA:143,1,4,5
BRDA:148,1,5,1
BRDA:153,1,6,4
BRDA:159,1,7,1
BRDA:179,2,0,1
BRF:10
BRH:8
DA:4,0
DA:7,1
DA:100,1
DA:101,1
DA:103,0
DA:104,0
DA:105,0
DA:106,0
DA:107,0
DA:108,0
DA:110,9
DA:111,9
DA:112,9
DA:113,9
DA:114,9
DA:115,9
DA:116,9
DA:117,9
DA:118,9
DA:119,9
DA:120,36
DA:121,36
DA:122,9
DA:123,9
DA:124,9
DA:125,9
DA:126,9
DA:128,9
DA:129,11
DA:130,11
DA:132,11
DA:133,12
DA:134,12
DA:135,12
DA:136,12
DA:137,12
DA:139,12
DA:140,12
DA:141,12
DA:142,12
DA:143,12
DA:145,14
DA:146,9
DA:148,9
DA:149,10
DA:150,10
DA:151,10
DA:152,10
DA:153,10
DA:155,13
DA:156,13
DA:157,13
DA:158,13
DA:159,9
DA:160,10
DA:161,10
DA:162,10
DA:163,10
DA:164,10
DA:165,10
DA:166,9
DA:171,1
DA:172,5
DA:173,5
DA:176,5
DA:178,5
DA:179,5
DA:180,6
DA:181,6
DA:183,5
DA:184,5
LH:64
LF:71
end_of_record
SF:/Users/masayuki/Cursorvers_Platform/cursorvers_line_stripe_discord/supabase/functions/line-webhook/lib/risk-checker.ts
FN:97,runRiskChecker
FN:244,getGradeInfo
FN:275,formatOutput
FNDA:11,runRiskChecker
FNDA:6,getGradeInfo
FNDA:6,formatOutput
FNF:3
FNH:3
BRDA:7,0,0,0
BRDA:100,1,0,0
BRDA:124,1,1,10
BRDA:126,1,2,2
BRDA:130,1,3,1
BRDA:141,1,4,8
BRDA:146,1,5,1
BRDA:151,1,6,7
BRDA:173,1,7,1
BRDA:179,1,8,6
BRDA:193,1,9,1
BRDA:183,2,0,6
BRDA:245,4,0,2
BRDA:247,4,1,4
BRDA:247,4,2,3
BRDA:249,4,3,1
BRDA:251,4,4,0
BRDA:289,5,0,3
BRDA:290,5,1,4
BRDA:291,5,2,0
BRDA:292,5,3,2
BRDA:292,5,4,2
BRDA:297,5,5,3
BRDA:313,5,6,3
BRDA:323,5,7,3
BRDA:330,5,8,4
BRDA:314,8,0,0
BRF:27
BRH:22
DA:5,1
DA:7,0
DA:10,1
DA:97,1
DA:98,1
DA:100,0
DA:101,0
DA:102,0
DA:103,0
DA:104,0
DA:105,0
DA:107,12
DA:108,12
DA:109,12
DA:110,12
DA:111,12
DA:112,12
DA:113,12
DA:114,12
DA:115,12
DA:116,12
DA:117,48
DA:118,48
DA:119,12
DA:120,12
DA:121,12
DA:122,36
DA:123,12
DA:124,12
DA:126,12
DA:127,14
DA:128,14
DA:130,14
DA:131,15
DA:132,15
DA:133,15
DA:134,15
DA:135,15
DA:137,15
DA:138,15
DA:139,15
DA:140,15
DA:141,15
DA:143,20
DA:144,12
DA:146,12
DA:147,13
DA:148,13
DA:149,13
DA:150,13
DA:151,13
DA:170,19
DA:171,19
DA:172,19
DA:173,12
DA:174,13
DA:175,13
DA:176,13
DA:177,13
DA:178,13
DA:179,13
DA:182,18
DA:183,18
DA:184,18
DA:186,18
DA:187,18
DA:188,18
DA:189,18
DA:190,18
DA:191,18
DA:192,18
DA:193,12
DA:194,13
DA:195,13
DA:196,13
DA:197,13
DA:198,13
DA:199,13
DA:200,12
DA:203,1
DA:205,1
DA:206,4
DA:207,4
DA:208,1
DA:210,1
DA:211,4
DA:212,4
DA:213,4
DA:214,1
DA:216,1
DA:217,4
DA:218,4
DA:219,4
DA:220,1
DA:222,1
DA:223,4
DA:224,4
DA:225,1
DA:226,1
DA:227,1
DA:228,4
DA:229,4
DA:230,4
DA:232,1
DA:235,1
DA:236,1
DA:237,1
DA:238,1
DA:239,1
DA:240,1
DA:241,1
DA:244,7
DA:245,7
DA:246,45
DA:247,7
DA:248,70
DA:249,11
DA:250,60
DA:251,0
DA:252,0
DA:253,0
DA:254,0
DA:275,1
DA:276,7
DA:277,7
DA:280,7
DA:281,7
DA:282,7
DA:285,7
DA:286,7
DA:288,7
DA:289,7
DA:290,10
DA:291,0
DA:292,0
DA:293,14
DA:294,14
DA:297,14
DA:298,14
DA:299,17
DA:302,14
DA:303,14
DA:304,14
DA:305,14
DA:306,14
DA:307,14
DA:308,14
DA:309,10
DA:310,10
DA:312,7
DA:313,7
DA:314,0
DA:315,10
DA:316,10
DA:319,7
DA:321,7
DA:322,7
DA:323,7
DA:326,10
DA:327,10
DA:329,10
DA:330,10
DA:331,14
DA:332,14
DA:333,14
DA:334,14
DA:335,14
DA:336,14
DA:337,14
DA:338,14
DA:339,14
DA:340,14
DA:341,14
DA:342,14
DA:345,7
DA:347,7
DA:348,7
LH:163
LF:177
end_of_record
